INFO 2026-01-05 03:06:19,470 views    - UID: 866253
INFO 2026-01-05 03:06:19,470 views    - Channel: V358PaAN8g
INFO 2026-01-05 03:06:19,470 views    - Role: publisher
INFO 2026-01-05 03:06:19,471 views    - Expiration: 86400s
INFO 2026-01-05 03:06:36,066 views    - UID: 856784
INFO 2026-01-05 03:06:36,066 views    - Channel: V358PaAN8g
INFO 2026-01-05 03:06:36,066 views    - Role: subscriber
INFO 2026-01-05 03:06:36,067 views    - Expiration: 86400s
INFO 2026-01-05 03:06:44,717 views    - UID: 856784
INFO 2026-01-05 03:06:44,717 views    - Channel: V358PaAN8g
INFO 2026-01-05 03:06:44,718 views    - Role: subscriber
INFO 2026-01-05 03:06:44,718 views    - Expiration: 86400s
INFO 2026-01-05 03:06:53,811 views    - UID: 856784
INFO 2026-01-05 03:06:53,812 views    - Channel: V358PaAN8g
INFO 2026-01-05 03:06:53,812 views    - Role: subscriber
INFO 2026-01-05 03:06:53,812 views    - Expiration: 86400s
INFO 2026-01-05 03:07:02,747 views    - UID: 856784
INFO 2026-01-05 03:07:02,748 views    - Channel: V358PaAN8g
INFO 2026-01-05 03:07:02,748 views    - Role: subscriber
INFO 2026-01-05 03:07:02,748 views    - Expiration: 86400s
INFO 2026-01-05 03:07:42,760 views    - UID: 856784
INFO 2026-01-05 03:07:42,761 views    - Channel: V358PaAN8g
INFO 2026-01-05 03:07:42,761 views    - Role: subscriber
INFO 2026-01-05 03:07:42,761 views    - Expiration: 86400s
INFO 2026-01-05 03:11:05,324 views    - UID: 856784
INFO 2026-01-05 03:11:05,324 views    - Channel: V358PaAN8g
INFO 2026-01-05 03:11:05,327 views    - Role: subscriber
INFO 2026-01-05 03:11:05,329 views    - Expiration: 86400s
INFO 2026-01-05 03:11:06,145 views    - UID: 866253
INFO 2026-01-05 03:11:06,145 views    - Channel: V358PaAN8g
INFO 2026-01-05 03:11:06,146 views    - Role: publisher
INFO 2026-01-05 03:11:06,146 views    - Expiration: 86400s
INFO 2026-01-05 03:19:08,909 views    - UID: 856784
INFO 2026-01-05 03:19:08,909 views    - Channel: V358PaAN8g
INFO 2026-01-05 03:19:08,909 views    - Role: subscriber
INFO 2026-01-05 03:19:08,909 views    - Expiration: 86400s
INFO 2026-01-05 03:19:09,073 views    - UID: 866253
INFO 2026-01-05 03:19:09,075 views    - Channel: V358PaAN8g
INFO 2026-01-05 03:19:09,078 views    - Role: publisher
INFO 2026-01-05 03:19:09,079 views    - Expiration: 86400s
INFO 2026-01-05 03:19:17,571 views    - UID: 856784
INFO 2026-01-05 03:19:17,571 views    - Channel: V358PaAN8g
INFO 2026-01-05 03:19:17,572 views    - Role: subscriber
INFO 2026-01-05 03:19:17,572 views    - Expiration: 86400s
